This is pdfTeX, Version 3.141592653-2.6-1.40.22 (TeX Live 2022/dev/Debian) (preloaded format=pdflatex 2022.11.28)  9 JAN 2023 07:35
entering extended mode
 restricted \write18 enabled.
 file:line:error style messages enabled.
 %&-line parsing enabled.
**/home/ferdi/UoB/y2/alg/algosheet/main.tex
(/home/ferdi/UoB/y2/alg/algosheet/main.tex
LaTeX2e <2021-11-15> patch level 1
L3 programming layer <2022-01-21> (/usr/share/texlive/texmf-dist/tex/latex/base/article.cls
Document Class: article 2021/10/04 v1.4n Standard LaTeX document class
(/usr/share/texlive/texmf-dist/tex/latex/base/size10.clo
File: size10.clo 2021/10/04 v1.4n Standard LaTeX file (size option)
)
\c@part=\count185
\c@section=\count186
\c@subsection=\count187
\c@subsubsection=\count188
\c@paragraph=\count189
\c@subparagraph=\count190
\c@figure=\count191
\c@table=\count192
\abovecaptionskip=\skip47
\belowcaptionskip=\skip48
\bibindent=\dimen138
) (/usr/share/texlive/texmf-dist/tex/latex/graphics/graphicx.sty
Package: graphicx 2021/09/16 v1.2d Enhanced LaTeX Graphics (DPC,SPQR)
 (/usr/share/texlive/texmf-dist/tex/latex/graphics/keyval.sty
Package: keyval 2014/10/28 v1.15 key=value parser (DPC)
\KV@toks@=\toks16
) (/usr/share/texlive/texmf-dist/tex/latex/graphics/graphics.sty
Package: graphics 2021/03/04 v1.4d Standard LaTeX Graphics (DPC,SPQR)
 (/usr/share/texlive/texmf-dist/tex/latex/graphics/trig.sty
Package: trig 2021/08/11 v1.11 sin cos tan (DPC)
) (/usr/share/texlive/texmf-dist/tex/latex/graphics-cfg/graphics.cfg
File: graphics.cfg 2016/06/04 v1.11 sample graphics configuration
)
Package graphics Info: Driver file: pdftex.def on input line 107.
 (/usr/share/texlive/texmf-dist/tex/latex/graphics-def/pdftex.def
File: pdftex.def 2020/10/05 v1.2a Graphics/color driver for pdftex
))
\Gin@req@height=\dimen139
\Gin@req@width=\dimen140
) (/usr/share/texlive/texmf-dist/tex/latex/geometry/geometry.sty
Package: geometry 2020/01/02 v5.9 Page Geometry
 (/usr/share/texlive/texmf-dist/tex/generic/iftex/ifvtex.sty
Package: ifvtex 2019/10/25 v1.7 ifvtex legacy package. Use iftex instead.
 (/usr/share/texlive/texmf-dist/tex/generic/iftex/iftex.sty
Package: iftex 2020/03/06 v1.0d TeX engine tests
))
\Gm@cnth=\count193
\Gm@cntv=\count194
\c@Gm@tempcnt=\count195
\Gm@bindingoffset=\dimen141
\Gm@wd@mp=\dimen142
\Gm@odd@mp=\dimen143
\Gm@even@mp=\dimen144
\Gm@layoutwidth=\dimen145
\Gm@layoutheight=\dimen146
\Gm@layouthoffset=\dimen147
\Gm@layoutvoffset=\dimen148
\Gm@dimlist=\toks17
) (/usr/share/texlive/texmf-dist/tex/latex/url/url.sty
\Urlmuskip=\muskip16
Package: url 2013/09/16  ver 3.4  Verb mode for urls, etc.
) (/usr/share/texlive/texmf-dist/tex/latex/tools/multicol.sty
Package: multicol 2021/10/28 v1.9b multicolumn formatting (FMi)
\c@tracingmulticols=\count196
\mult@box=\box50
\multicol@leftmargin=\dimen149
\c@unbalance=\count197
\c@collectmore=\count198
\doublecol@number=\count199
\multicoltolerance=\count266
\multicolpretolerance=\count267
\full@width=\dimen150
\page@free=\dimen151
\premulticols=\dimen152
\postmulticols=\dimen153
\multicolsep=\skip49
\multicolbaselineskip=\skip50
\partial@page=\box51
\last@line=\box52
\maxbalancingoverflow=\dimen154
\mult@rightbox=\box53
\mult@grightbox=\box54
\mult@firstbox=\box55
\mult@gfirstbox=\box56
\@tempa=\box57
\@tempa=\box58
\@tempa=\box59
\@tempa=\box60
\@tempa=\box61
\@tempa=\box62
\@tempa=\box63
\@tempa=\box64
\@tempa=\box65
\@tempa=\box66
\@tempa=\box67
\@tempa=\box68
\@tempa=\box69
\@tempa=\box70
\@tempa=\box71
\@tempa=\box72
\@tempa=\box73
\@tempa=\box74
\@tempa=\box75
\@tempa=\box76
\@tempa=\box77
\@tempa=\box78
\@tempa=\box79
\@tempa=\box80
\@tempa=\box81
\@tempa=\box82
\@tempa=\box83
\@tempa=\box84
\@tempa=\box85
\@tempa=\box86
\@tempa=\box87
\@tempa=\box88
\@tempa=\box89
\@tempa=\box90
\@tempa=\box91
\@tempa=\box92
\c@minrows=\count268
\c@columnbadness=\count269
\c@finalcolumnbadness=\count270
\last@try=\dimen155
\multicolovershoot=\dimen156
\multicolundershoot=\dimen157
\mult@nat@firstbox=\box93
\colbreak@box=\box94
\mc@col@check@num=\count271
) (/usr/share/texlive/texmf-dist/tex/latex/amsmath/amsmath.sty
Package: amsmath 2021/10/15 v2.17l AMS math features
\@mathmargin=\skip51

For additional information on amsmath, use the `?' option.
(/usr/share/texlive/texmf-dist/tex/latex/amsmath/amstext.sty
Package: amstext 2021/08/26 v2.01 AMS text
 (/usr/share/texlive/texmf-dist/tex/latex/amsmath/amsgen.sty
File: amsgen.sty 1999/11/30 v2.0 generic functions
\@emptytoks=\toks18
\ex@=\dimen158
)) (/usr/share/texlive/texmf-dist/tex/latex/amsmath/amsbsy.sty
Package: amsbsy 1999/11/29 v1.2d Bold Symbols
\pmbraise@=\dimen159
) (/usr/share/texlive/texmf-dist/tex/latex/amsmath/amsopn.sty
Package: amsopn 2021/08/26 v2.02 operator names
)
\inf@bad=\count272
LaTeX Info: Redefining \frac on input line 234.
\uproot@=\count273
\leftroot@=\count274
LaTeX Info: Redefining \overline on input line 399.
\classnum@=\count275
\DOTSCASE@=\count276
LaTeX Info: Redefining \ldots on input line 496.
LaTeX Info: Redefining \dots on input line 499.
LaTeX Info: Redefining \cdots on input line 620.
\Mathstrutbox@=\box95
\strutbox@=\box96
\big@size=\dimen160
LaTeX Font Info:    Redeclaring font encoding OML on input line 743.
LaTeX Font Info:    Redeclaring font encoding OMS on input line 744.
\macc@depth=\count277
\c@MaxMatrixCols=\count278
\dotsspace@=\muskip17
\c@parentequation=\count279
\dspbrk@lvl=\count280
\tag@help=\toks19
\row@=\count281
\column@=\count282
\maxfields@=\count283
\andhelp@=\toks20
\eqnshift@=\dimen161
\alignsep@=\dimen162
\tagshift@=\dimen163
\tagwidth@=\dimen164
\totwidth@=\dimen165
\lineht@=\dimen166
\@envbody=\toks21
\multlinegap=\skip52
\multlinetaggap=\skip53
\mathdisplay@stack=\toks22
LaTeX Info: Redefining \[ on input line 2938.
LaTeX Info: Redefining \] on input line 2939.
) (/usr/share/texlive/texmf-dist/tex/latex/esint/esint.sty
Package: esint 
\symlargesymbolsA=\mathgroup4
) (/usr/share/texlive/texmf-dist/tex/latex/amsfonts/amsfonts.sty
Package: amsfonts 2013/01/14 v3.01 Basic AMSFonts support
\symAMSa=\mathgroup5
\symAMSb=\mathgroup6
LaTeX Font Info:    Redeclaring math symbol \hbar on input line 98.
LaTeX Font Info:    Overwriting math alphabet `\mathfrak' in version `bold'
(Font)                  U/euf/m/n --> U/euf/b/n on input line 106.
) (/usr/share/texlive/texmf-dist/tex/latex/pgf/frontendlayer/tikz.sty (/usr/share/texlive/texmf-dist/tex/latex/pgf/basiclayer/pgf.sty (/usr/share/texlive/texmf-dist/tex/latex/pgf/utilities/pgfrcs.sty (/usr/share/texlive/texmf-dist/tex/generic/pgf/utilities/pgfutil-common.tex
\pgfutil@everybye=\toks23
\pgfutil@tempdima=\dimen167
\pgfutil@tempdimb=\dimen168
 (/usr/share/texlive/texmf-dist/tex/generic/pgf/utilities/pgfutil-common-lists.tex)) (/usr/share/texlive/texmf-dist/tex/generic/pgf/utilities/pgfutil-latex.def
\pgfutil@abb=\box97
) (/usr/share/texlive/texmf-dist/tex/generic/pgf/utilities/pgfrcs.code.tex (/usr/share/texlive/texmf-dist/tex/generic/pgf/pgf.revision.tex)
Package: pgfrcs 2021/05/15 v3.1.9a (3.1.9a)
))
Package: pgf 2021/05/15 v3.1.9a (3.1.9a)
 (/usr/share/texlive/texmf-dist/tex/latex/pgf/basiclayer/pgfcore.sty (/usr/share/texlive/texmf-dist/tex/latex/pgf/systemlayer/pgfsys.sty (/usr/share/texlive/texmf-dist/tex/generic/pgf/systemlayer/pgfsys.code.tex
Package: pgfsys 2021/05/15 v3.1.9a (3.1.9a)
 (/usr/share/texlive/texmf-dist/tex/generic/pgf/utilities/pgfkeys.code.tex
\pgfkeys@pathtoks=\toks24
\pgfkeys@temptoks=\toks25
 (/usr/share/texlive/texmf-dist/tex/generic/pgf/utilities/pgfkeysfiltered.code.tex
\pgfkeys@tmptoks=\toks26
))
\pgf@x=\dimen169
\pgf@y=\dimen170
\pgf@xa=\dimen171
\pgf@ya=\dimen172
\pgf@xb=\dimen173
\pgf@yb=\dimen174
\pgf@xc=\dimen175
\pgf@yc=\dimen176
\pgf@xd=\dimen177
\pgf@yd=\dimen178
\w@pgf@writea=\write3
\r@pgf@reada=\read2
\c@pgf@counta=\count284
\c@pgf@countb=\count285
\c@pgf@countc=\count286
\c@pgf@countd=\count287
\t@pgf@toka=\toks27
\t@pgf@tokb=\toks28
\t@pgf@tokc=\toks29
\pgf@sys@id@count=\count288
 (/usr/share/texlive/texmf-dist/tex/generic/pgf/systemlayer/pgf.cfg
File: pgf.cfg 2021/05/15 v3.1.9a (3.1.9a)
)
Driver file for pgf: pgfsys-pdftex.def
 (/usr/share/texlive/texmf-dist/tex/generic/pgf/systemlayer/pgfsys-pdftex.def
File: pgfsys-pdftex.def 2021/05/15 v3.1.9a (3.1.9a)
 (/usr/share/texlive/texmf-dist/tex/generic/pgf/systemlayer/pgfsys-common-pdf.def
File: pgfsys-common-pdf.def 2021/05/15 v3.1.9a (3.1.9a)
))) (/usr/share/texlive/texmf-dist/tex/generic/pgf/systemlayer/pgfsyssoftpath.code.tex
File: pgfsyssoftpath.code.tex 2021/05/15 v3.1.9a (3.1.9a)
\pgfsyssoftpath@smallbuffer@items=\count289
\pgfsyssoftpath@bigbuffer@items=\count290
) (/usr/share/texlive/texmf-dist/tex/generic/pgf/systemlayer/pgfsysprotocol.code.tex
File: pgfsysprotocol.code.tex 2021/05/15 v3.1.9a (3.1.9a)
)) (/usr/share/texlive/texmf-dist/tex/latex/xcolor/xcolor.sty
Package: xcolor 2021/10/31 v2.13 LaTeX color extensions (UK)
 (/usr/share/texlive/texmf-dist/tex/latex/graphics-cfg/color.cfg
File: color.cfg 2016/01/02 v1.6 sample color configuration
)
Package xcolor Info: Driver file: pdftex.def on input line 227.
Package xcolor Info: Model `cmy' substituted by `cmy0' on input line 1352.
Package xcolor Info: Model `hsb' substituted by `rgb' on input line 1356.
Package xcolor Info: Model `RGB' extended on input line 1368.
Package xcolor Info: Model `HTML' substituted by `rgb' on input line 1370.
Package xcolor Info: Model `Hsb' substituted by `hsb' on input line 1371.
Package xcolor Info: Model `tHsb' substituted by `hsb' on input line 1372.
Package xcolor Info: Model `HSB' substituted by `hsb' on input line 1373.
Package xcolor Info: Model `Gray' substituted by `gray' on input line 1374.
Package xcolor Info: Model `wave' substituted by `hsb' on input line 1375.
) (/usr/share/texlive/texmf-dist/tex/generic/pgf/basiclayer/pgfcore.code.tex
Package: pgfcore 2021/05/15 v3.1.9a (3.1.9a)
 (/usr/share/texlive/texmf-dist/tex/generic/pgf/math/pgfmath.code.tex (/usr/share/texlive/texmf-dist/tex/generic/pgf/math/pgfmathcalc.code.tex (/usr/share/texlive/texmf-dist/tex/generic/pgf/math/pgfmathutil.code.tex) (/usr/share/texlive/texmf-dist/tex/generic/pgf/math/pgfmathparser.code.tex
\pgfmath@dimen=\dimen179
\pgfmath@count=\count291
\pgfmath@box=\box98
\pgfmath@toks=\toks30
\pgfmath@stack@operand=\toks31
\pgfmath@stack@operation=\toks32
) (/usr/share/texlive/texmf-dist/tex/generic/pgf/math/pgfmathfunctions.code.tex (/usr/share/texlive/texmf-dist/tex/generic/pgf/math/pgfmathfunctions.basic.code.tex) (/usr/share/texlive/texmf-dist/tex/generic/pgf/math/pgfmathfunctions.trigonometric.code.tex) (/usr/share/texlive/texmf-dist/tex/generic/pgf/math/pgfmathfunctions.random.code.tex) (/usr/share/texlive/texmf-dist/tex/generic/pgf/math/pgfmathfunctions.comparison.code.tex) (/usr/share/texlive/texmf-dist/tex/generic/pgf/math/pgfmathfunctions.base.code.tex) (/usr/share/texlive/texmf-dist/tex/generic/pgf/math/pgfmathfunctions.round.code.tex) (/usr/share/texlive/texmf-dist/tex/generic/pgf/math/pgfmathfunctions.misc.code.tex) (/usr/share/texlive/texmf-dist/tex/generic/pgf/math/pgfmathfunctions.integerarithmetics.code.tex))) (/usr/share/texlive/texmf-dist/tex/generic/pgf/math/pgfmathfloat.code.tex
\c@pgfmathroundto@lastzeros=\count292
)) (/usr/share/texlive/texmf-dist/tex/generic/pgf/math/pgfint.code.tex) (/usr/share/texlive/texmf-dist/tex/generic/pgf/basiclayer/pgfcorepoints.code.tex
File: pgfcorepoints.code.tex 2021/05/15 v3.1.9a (3.1.9a)
\pgf@picminx=\dimen180
\pgf@picmaxx=\dimen181
\pgf@picminy=\dimen182
\pgf@picmaxy=\dimen183
\pgf@pathminx=\dimen184
\pgf@pathmaxx=\dimen185
\pgf@pathminy=\dimen186
\pgf@pathmaxy=\dimen187
\pgf@xx=\dimen188
\pgf@xy=\dimen189
\pgf@yx=\dimen190
\pgf@yy=\dimen191
\pgf@zx=\dimen192
\pgf@zy=\dimen193
) (/usr/share/texlive/texmf-dist/tex/generic/pgf/basiclayer/pgfcorepathconstruct.code.tex
File: pgfcorepathconstruct.code.tex 2021/05/15 v3.1.9a (3.1.9a)
\pgf@path@lastx=\dimen194
\pgf@path@lasty=\dimen195
) (/usr/share/texlive/texmf-dist/tex/generic/pgf/basiclayer/pgfcorepathusage.code.tex
File: pgfcorepathusage.code.tex 2021/05/15 v3.1.9a (3.1.9a)
\pgf@shorten@end@additional=\dimen196
\pgf@shorten@start@additional=\dimen197
) (/usr/share/texlive/texmf-dist/tex/generic/pgf/basiclayer/pgfcorescopes.code.tex
File: pgfcorescopes.code.tex 2021/05/15 v3.1.9a (3.1.9a)
\pgfpic=\box99
\pgf@hbox=\box100
\pgf@layerbox@main=\box101
\pgf@picture@serial@count=\count293
) (/usr/share/texlive/texmf-dist/tex/generic/pgf/basiclayer/pgfcoregraphicstate.code.tex
File: pgfcoregraphicstate.code.tex 2021/05/15 v3.1.9a (3.1.9a)
\pgflinewidth=\dimen198
) (/usr/share/texlive/texmf-dist/tex/generic/pgf/basiclayer/pgfcoretransformations.code.tex
File: pgfcoretransformations.code.tex 2021/05/15 v3.1.9a (3.1.9a)
\pgf@pt@x=\dimen199
\pgf@pt@y=\dimen256
\pgf@pt@temp=\dimen257
) (/usr/share/texlive/texmf-dist/tex/generic/pgf/basiclayer/pgfcorequick.code.tex
File: pgfcorequick.code.tex 2021/05/15 v3.1.9a (3.1.9a)
) (/usr/share/texlive/texmf-dist/tex/generic/pgf/basiclayer/pgfcoreobjects.code.tex
File: pgfcoreobjects.code.tex 2021/05/15 v3.1.9a (3.1.9a)
) (/usr/share/texlive/texmf-dist/tex/generic/pgf/basiclayer/pgfcorepathprocessing.code.tex
File: pgfcorepathprocessing.code.tex 2021/05/15 v3.1.9a (3.1.9a)
) (/usr/share/texlive/texmf-dist/tex/generic/pgf/basiclayer/pgfcorearrows.code.tex
File: pgfcorearrows.code.tex 2021/05/15 v3.1.9a (3.1.9a)
\pgfarrowsep=\dimen258
) (/usr/share/texlive/texmf-dist/tex/generic/pgf/basiclayer/pgfcoreshade.code.tex
File: pgfcoreshade.code.tex 2021/05/15 v3.1.9a (3.1.9a)
\pgf@max=\dimen259
\pgf@sys@shading@range@num=\count294
\pgf@shadingcount=\count295
) (/usr/share/texlive/texmf-dist/tex/generic/pgf/basiclayer/pgfcoreimage.code.tex
File: pgfcoreimage.code.tex 2021/05/15 v3.1.9a (3.1.9a)
 (/usr/share/texlive/texmf-dist/tex/generic/pgf/basiclayer/pgfcoreexternal.code.tex
File: pgfcoreexternal.code.tex 2021/05/15 v3.1.9a (3.1.9a)
\pgfexternal@startupbox=\box102
)) (/usr/share/texlive/texmf-dist/tex/generic/pgf/basiclayer/pgfcorelayers.code.tex
File: pgfcorelayers.code.tex 2021/05/15 v3.1.9a (3.1.9a)
) (/usr/share/texlive/texmf-dist/tex/generic/pgf/basiclayer/pgfcoretransparency.code.tex
File: pgfcoretransparency.code.tex 2021/05/15 v3.1.9a (3.1.9a)
) (/usr/share/texlive/texmf-dist/tex/generic/pgf/basiclayer/pgfcorepatterns.code.tex
File: pgfcorepatterns.code.tex 2021/05/15 v3.1.9a (3.1.9a)
) (/usr/share/texlive/texmf-dist/tex/generic/pgf/basiclayer/pgfcorerdf.code.tex
File: pgfcorerdf.code.tex 2021/05/15 v3.1.9a (3.1.9a)
))) (/usr/share/texlive/texmf-dist/tex/generic/pgf/modules/pgfmoduleshapes.code.tex
File: pgfmoduleshapes.code.tex 2021/05/15 v3.1.9a (3.1.9a)
\pgfnodeparttextbox=\box103
) (/usr/share/texlive/texmf-dist/tex/generic/pgf/modules/pgfmoduleplot.code.tex
File: pgfmoduleplot.code.tex 2021/05/15 v3.1.9a (3.1.9a)
) (/usr/share/texlive/texmf-dist/tex/latex/pgf/compatibility/pgfcomp-version-0-65.sty
Package: pgfcomp-version-0-65 2021/05/15 v3.1.9a (3.1.9a)
\pgf@nodesepstart=\dimen260
\pgf@nodesepend=\dimen261
) (/usr/share/texlive/texmf-dist/tex/latex/pgf/compatibility/pgfcomp-version-1-18.sty
Package: pgfcomp-version-1-18 2021/05/15 v3.1.9a (3.1.9a)
)) (/usr/share/texlive/texmf-dist/tex/latex/pgf/utilities/pgffor.sty (/usr/share/texlive/texmf-dist/tex/latex/pgf/utilities/pgfkeys.sty (/usr/share/texlive/texmf-dist/tex/generic/pgf/utilities/pgfkeys.code.tex)) (/usr/share/texlive/texmf-dist/tex/latex/pgf/math/pgfmath.sty (/usr/share/texlive/texmf-dist/tex/generic/pgf/math/pgfmath.code.tex)) (/usr/share/texlive/texmf-dist/tex/generic/pgf/utilities/pgffor.code.tex
Package: pgffor 2021/05/15 v3.1.9a (3.1.9a)
 (/usr/share/texlive/texmf-dist/tex/generic/pgf/math/pgfmath.code.tex)
\pgffor@iter=\dimen262
\pgffor@skip=\dimen263
\pgffor@stack=\toks33
\pgffor@toks=\toks34
)) (/usr/share/texlive/texmf-dist/tex/generic/pgf/frontendlayer/tikz/tikz.code.tex
Package: tikz 2021/05/15 v3.1.9a (3.1.9a)
 (/usr/share/texlive/texmf-dist/tex/generic/pgf/libraries/pgflibraryplothandlers.code.tex
File: pgflibraryplothandlers.code.tex 2021/05/15 v3.1.9a (3.1.9a)
\pgf@plot@mark@count=\count296
\pgfplotmarksize=\dimen264
)
\tikz@lastx=\dimen265
\tikz@lasty=\dimen266
\tikz@lastxsaved=\dimen267
\tikz@lastysaved=\dimen268
\tikz@lastmovetox=\dimen269
\tikz@lastmovetoy=\dimen270
\tikzleveldistance=\dimen271
\tikzsiblingdistance=\dimen272
\tikz@figbox=\box104
\tikz@figbox@bg=\box105
\tikz@tempbox=\box106
\tikz@tempbox@bg=\box107
\tikztreelevel=\count297
\tikznumberofchildren=\count298
\tikznumberofcurrentchild=\count299
\tikz@fig@count=\count300
 (/usr/share/texlive/texmf-dist/tex/generic/pgf/modules/pgfmodulematrix.code.tex
File: pgfmodulematrix.code.tex 2021/05/15 v3.1.9a (3.1.9a)
\pgfmatrixcurrentrow=\count301
\pgfmatrixcurrentcolumn=\count302
\pgf@matrix@numberofcolumns=\count303
)
\tikz@expandcount=\count304
 (/usr/share/texlive/texmf-dist/tex/generic/pgf/frontendlayer/tikz/libraries/tikzlibrarytopaths.code.tex
File: tikzlibrarytopaths.code.tex 2021/05/15 v3.1.9a (3.1.9a)
))) (/usr/share/texlive/texmf-dist/tex/generic/pgf/frontendlayer/tikz/libraries/tikzlibrarydecorations.pathmorphing.code.tex (/usr/share/texlive/texmf-dist/tex/generic/pgf/frontendlayer/tikz/libraries/tikzlibrarydecorations.code.tex (/usr/share/texlive/texmf-dist/tex/generic/pgf/modules/pgfmoduledecorations.code.tex
\pgfdecoratedcompleteddistance=\dimen273
\pgfdecoratedremainingdistance=\dimen274
\pgfdecoratedinputsegmentcompleteddistance=\dimen275
\pgfdecoratedinputsegmentremainingdistance=\dimen276
\pgf@decorate@distancetomove=\dimen277
\pgf@decorate@repeatstate=\count305
\pgfdecorationsegmentamplitude=\dimen278
\pgfdecorationsegmentlength=\dimen279
)
\tikz@lib@dec@box=\box108
) (/usr/share/texlive/texmf-dist/tex/generic/pgf/libraries/decorations/pgflibrarydecorations.pathmorphing.code.tex)) (/usr/share/texlive/texmf-dist/tex/latex/amsfonts/amssymb.sty
Package: amssymb 2013/01/14 v3.01 AMS font symbols
) (/usr/share/texlive/texmf-dist/tex/latex/colortbl/colortbl.sty
Package: colortbl 2020/01/04 v1.0e Color table columns (DPC)
 (/usr/share/texlive/texmf-dist/tex/latex/tools/array.sty
Package: array 2021/10/04 v2.5f Tabular extension package (FMi)
\col@sep=\dimen280
\ar@mcellbox=\box109
\extrarowheight=\dimen281
\NC@list=\toks35
\extratabsurround=\skip54
\backup@length=\skip55
\ar@cellbox=\box110
)
\everycr=\toks36
\minrowclearance=\skip56
) (/usr/share/texlive/texmf-dist/tex/latex/mathtools/mathtools.sty
Package: mathtools 2021/02/02 v1.28 mathematical typesetting tools
 (/usr/share/texlive/texmf-dist/tex/latex/tools/calc.sty
Package: calc 2017/05/25 v4.3 Infix arithmetic (KKT,FJ)
\calc@Acount=\count306
\calc@Bcount=\count307
\calc@Adimen=\dimen282
\calc@Bdimen=\dimen283
\calc@Askip=\skip57
\calc@Bskip=\skip58
LaTeX Info: Redefining \setlength on input line 80.
LaTeX Info: Redefining \addtolength on input line 81.
\calc@Ccount=\count308
\calc@Cskip=\skip59
) (/usr/share/texlive/texmf-dist/tex/latex/mathtools/mhsetup.sty
Package: mhsetup 2021/03/18 v1.4 programming setup (MH)
)
\g_MT_multlinerow_int=\count309
\l_MT_multwidth_dim=\dimen284
\origjot=\skip60
\l_MT_shortvdotswithinadjustabove_dim=\dimen285
\l_MT_shortvdotswithinadjustbelow_dim=\dimen286
\l_MT_above_intertext_sep=\dimen287
\l_MT_below_intertext_sep=\dimen288
\l_MT_above_shortintertext_sep=\dimen289
\l_MT_below_shortintertext_sep=\dimen290
\xmathstrut@box=\box111
\xmathstrut@dim=\dimen291
) (/usr/share/texlive/texmf-dist/tex/latex/enumitem/enumitem.sty
Package: enumitem 2019/06/20 v3.9 Customized lists
\labelindent=\skip61
\enit@outerparindent=\dimen292
\enit@toks=\toks37
\enit@inbox=\box112
\enit@count@id=\count310
\enitdp@description=\count311
) (/usr/share/texlive/texmf-dist/tex/generic/babel/babel.sty
Package: babel 2022/01/26 3.70 The Babel package
\babel@savecnt=\count312
\U@D=\dimen293
\l@unhyphenated=\language7
 (/usr/share/texlive/texmf-dist/tex/generic/babel/txtbabel.def)
\bbl@readstream=\read3
\bbl@dirlevel=\count313


/usr/share/texlive/texmf-dist/tex/generic/babel/babel.sty:4254: Package babel Error: Unknown option 'brazilian'. Either you misspelled it
(babel)                or the language definition file brazilian.ldf was not found.

See the babel package documentation for explanation.
Type  H <return>  for immediate help.
 ...                                              
                                                  
l.4254 \ProcessOptions*
                       
Valid options are, among others: shorthands=, KeepShorthandsActive,
activeacute, activegrave, noconfigs, safe=, main=, math=
headfoot=, strings=, config=, hyphenmap=, or a language name.

Package babel Info: You haven't specified a language. I'll use 'nil'
(babel)             as the main language. Reported on input line 4299.
(/usr/share/texlive/texmf-dist/tex/generic/babel/nil.ldf
Language: nil 2022/01/26 3.70 Nil language
\l@nil=\language8
)) (/usr/share/texlive/texmf-dist/tex/latex/base/inputenc.sty
Package: inputenc 2021/02/14 v1.3d Input encoding file
\inpenc@prehook=\toks38
\inpenc@posthook=\toks39
) (/usr/share/texlive/texmf-dist/tex/latex/l3backend/l3backend-pdftex.def
File: l3backend-pdftex.def 2022-01-12 L3 backend support: PDF output (pdfTeX)
\l__color_backend_stack_int=\count314
\l__pdf_internal_box=\box113
) (./main.aux)
\openout1 = `main.aux'.

LaTeX Font Info:    Checking defaults for OML/cmm/m/it on input line 39.
LaTeX Font Info:    ... okay on input line 39.
LaTeX Font Info:    Checking defaults for OMS/cmsy/m/n on input line 39.
LaTeX Font Info:    ... okay on input line 39.
LaTeX Font Info:    Checking defaults for OT1/cmr/m/n on input line 39.
LaTeX Font Info:    ... okay on input line 39.
LaTeX Font Info:    Checking defaults for T1/cmr/m/n on input line 39.
LaTeX Font Info:    ... okay on input line 39.
LaTeX Font Info:    Checking defaults for TS1/cmr/m/n on input line 39.
LaTeX Font Info:    ... okay on input line 39.
LaTeX Font Info:    Checking defaults for OMX/cmex/m/n on input line 39.
LaTeX Font Info:    ... okay on input line 39.
LaTeX Font Info:    Checking defaults for U/cmr/m/n on input line 39.
LaTeX Font Info:    ... okay on input line 39.
 (/usr/share/texlive/texmf-dist/tex/context/base/mkii/supp-pdf.mkii
[Loading MPS to PDF converter (version 2006.09.02).]
\scratchcounter=\count315
\scratchdimen=\dimen294
\scratchbox=\box114
\nofMPsegments=\count316
\nofMParguments=\count317
\everyMPshowfont=\toks40
\MPscratchCnt=\count318
\MPscratchDim=\dimen295
\MPnumerator=\count319
\makeMPintoPDFobject=\count320
\everyMPtoPDFconversion=\toks41
) (/usr/share/texlive/texmf-dist/tex/latex/epstopdf-pkg/epstopdf-base.sty
Package: epstopdf-base 2020-01-24 v2.11 Base part for package epstopdf
 (/usr/share/texlive/texmf-dist/tex/generic/infwarerr/infwarerr.sty
Package: infwarerr 2019/12/03 v1.5 Providing info/warning/error messages (HO)
) (/usr/share/texlive/texmf-dist/tex/latex/grfext/grfext.sty
Package: grfext 2019/12/03 v1.3 Manage graphics extensions (HO)
 (/usr/share/texlive/texmf-dist/tex/generic/kvdefinekeys/kvdefinekeys.sty
Package: kvdefinekeys 2019-12-19 v1.6 Define keys (HO)
)) (/usr/share/texlive/texmf-dist/tex/latex/kvoptions/kvoptions.sty
Package: kvoptions 2020-10-07 v3.14 Key value format for package options (HO)
 (/usr/share/texlive/texmf-dist/tex/generic/ltxcmds/ltxcmds.sty
Package: ltxcmds 2020-05-10 v1.25 LaTeX kernel commands for general use (HO)
) (/usr/share/texlive/texmf-dist/tex/generic/kvsetkeys/kvsetkeys.sty
Package: kvsetkeys 2019/12/15 v1.18 Key value parser (HO)
)) (/usr/share/texlive/texmf-dist/tex/generic/pdftexcmds/pdftexcmds.sty
Package: pdftexcmds 2020-06-27 v0.33 Utility functions of pdfTeX for LuaTeX (HO)
Package pdftexcmds Info: \pdf@primitive is available.
Package pdftexcmds Info: \pdf@ifprimitive is available.
Package pdftexcmds Info: \pdfdraftmode found.
)
Package epstopdf-base Info: Redefining graphics rule for `.eps' on input line 485.
Package grfext Info: Graphics extension search list:
(grfext)             [.pdf,.png,.jpg,.mps,.jpeg,.jbig2,.jb2,.PDF,.PNG,.JPG,.JPEG,.JBIG2,.JB2,.eps]
(grfext)             \AppendGraphicsExtensions on input line 504.
 (/usr/share/texlive/texmf-dist/tex/latex/latexconfig/epstopdf-sys.cfg
File: epstopdf-sys.cfg 2010/07/13 v1.3 Configuration of (r)epstopdf for TeX Live
))
*geometry* driver: auto-detecting
*geometry* detected driver: pdftex
*geometry* verbose mode - [ preamble ] result:
* driver: pdftex
* paper: <default>
* layout: <same size as paper>
* layoutoffset:(h,v)=(0.0pt,0.0pt)
* modes: landscape 
* h-part:(L,W,R)=(119.2467pt, 556.47656pt, 119.24672pt)
* v-part:(T,H,B)=(73.71613pt, 430.00462pt, 110.57425pt)
* \paperwidth=794.96999pt
* \paperheight=614.295pt
* \textwidth=773.28656pt
* \textheight=646.81462pt
* \oddsidemargin=-61.42828pt
* \evensidemargin=-61.42828pt
* \topmargin=-93.37007pt
* \headheight=12.0pt
* \headsep=25.0pt
* \topskip=10.0pt
* \footskip=30.0pt
* \marginparwidth=65.0pt
* \marginparsep=11.0pt
* \columnsep=10.0pt
* \skip\footins=9.0pt plus 4.0pt minus 2.0pt
* \hoffset=0.0pt
* \voffset=0.0pt
* \mag=1000
* \@twocolumnfalse
* \@twosidefalse
* \@mparswitchfalse
* \@reversemarginfalse
* (1in=72.27pt=25.4mm, 1cm=28.453pt)

LaTeX Font Info:    Trying to load font information for U+esint on input line 53.
(/usr/share/texlive/texmf-dist/tex/latex/esint/uesint.fd
File: uesint.fd 
)
LaTeX Font Info:    Trying to load font information for U+msa on input line 53.
 (/usr/share/texlive/texmf-dist/tex/latex/amsfonts/umsa.fd
File: umsa.fd 2013/01/14 v3.01 AMS symbols A
)
LaTeX Font Info:    Trying to load font information for U+msb on input line 53.
 (/usr/share/texlive/texmf-dist/tex/latex/amsfonts/umsb.fd
File: umsb.fd 2013/01/14 v3.01 AMS symbols B
)
LaTeX Font Info:    Trying to load font information for OMS+cmr on input line 54.
 (/usr/share/texlive/texmf-dist/tex/latex/base/omscmr.fd
File: omscmr.fd 2019/12/16 v2.5j Standard LaTeX font definitions
)
LaTeX Font Info:    Font shape `OMS/cmr/m/n' in size <10> not available
(Font)              Font shape `OMS/cmsy/m/n' tried instead on input line 54.

Overfull \hbox (2.09277pt too wide) in paragraph at lines 61--62
[][] 
 []

<./images//big-o-definition.png, id=4, 1168.365pt x 337.26pt>
File: ./images//big-o-definition.png Graphic file (type png)
<use ./images//big-o-definition.png>
Package pdftex.def Info: ./images//big-o-definition.png  used on input line 67.
(pdftex.def)             Requested size: 227.62204pt x 65.7011pt.
<./images//big-o-formal.png, id=6, 1262.7175pt x 351.3125pt>
File: ./images//big-o-formal.png Graphic file (type png)
<use ./images//big-o-formal.png>
Package pdftex.def Info: ./images//big-o-formal.png  used on input line 68.
(pdftex.def)             Requested size: 227.62204pt x 63.32465pt.

Underfull \hbox (badness 10000) in paragraph at lines 67--69
[][]
 []


Overfull \hbox (2.09277pt too wide) in paragraph at lines 73--74
[][] 
 []

<./images//req-comp-def.png, id=7, 919.435pt x 198.7425pt>
File: ./images//req-comp-def.png Graphic file (type png)
<use ./images//req-comp-def.png>
Package pdftex.def Info: ./images//req-comp-def.png  used on input line 79.
(pdftex.def)             Requested size: 227.62204pt x 49.20029pt.
/home/ferdi/UoB/y2/alg/algosheet/main.tex:80: Misplaced \noalign.
\hline ->\noalign 
                  {\ifnum 0=`}\fi \let \hskip \vskip \let \vrule \hrule \let...
l.80     \hline
               
I expect to see \noalign only after the \cr of
an alignment. Proceed, and I'll ignore this case.

<./images//interval-scheduling-problem.png, id=8, 890.32625pt x 134.5025pt>
File: ./images//interval-scheduling-problem.png Graphic file (type png)
<use ./images//interval-scheduling-problem.png>
Package pdftex.def Info: ./images//interval-scheduling-problem.png  used on input line 81.
(pdftex.def)             Requested size: 227.62204pt x 34.38695pt.
/home/ferdi/UoB/y2/alg/algosheet/main.tex:82: Misplaced \noalign.
\hline ->\noalign 
                  {\ifnum 0=`}\fi \let \hskip \vskip \let \vrule \hrule \let...
l.82     \hline
               
I expect to see \noalign only after the \cr of
an alignment. Proceed, and I'll ignore this case.

<./images//greedy-schedule-pseudo.png, id=9, 882.29625pt x 383.4325pt>
File: ./images//greedy-schedule-pseudo.png Graphic file (type png)
<use ./images//greedy-schedule-pseudo.png>
Package pdftex.def Info: ./images//greedy-schedule-pseudo.png  used on input line 83.
(pdftex.def)             Requested size: 227.62204pt x 98.9178pt.

LaTeX Warning: Command \textperiodcentered invalid in math mode on input line 87.


LaTeX Warning: Command \textperiodcentered invalid in math mode on input line 87.

Missing character: There is no · in font cmr10!

Underfull \hbox (badness 10000) in paragraph at lines 83--88
[][]
 []


Overfull \hbox (2.09277pt too wide) in paragraph at lines 92--93
[][] 
 []

/home/ferdi/UoB/y2/alg/algosheet/main.tex:114: Misplaced \noalign.
\hline ->\noalign 
                  {\ifnum 0=`}\fi \let \hskip \vskip \let \vrule \hrule \let...
l.114     \hline
                
I expect to see \noalign only after the \cr of
an alignment. Proceed, and I'll ignore this case.

/home/ferdi/UoB/y2/alg/algosheet/main.tex:118: Misplaced \noalign.
\hline ->\noalign 
                  {\ifnum 0=`}\fi \let \hskip \vskip \let \vrule \hrule \let...
l.118     \hline
                
I expect to see \noalign only after the \cr of
an alignment. Proceed, and I'll ignore this case.

/home/ferdi/UoB/y2/alg/algosheet/main.tex:125: Misplaced \noalign.
\hline ->\noalign 
                  {\ifnum 0=`}\fi \let \hskip \vskip \let \vrule \hrule \let...
l.125     \hline
                
I expect to see \noalign only after the \cr of
an alignment. Proceed, and I'll ignore this case.


Overfull \hbox (2.09277pt too wide) in paragraph at lines 132--133
[][] 
 []


Underfull \hbox (badness 10000) in paragraph at lines 139--165
\OT1/cmr/bx/n/10 Induced Subgraph\OT1/cmr/m/n/10 : is a subgraph if
 []


Underfull \hbox (badness 10000) in paragraph at lines 139--165

 []


Overfull \hbox (2.09277pt too wide) in paragraph at lines 169--170
[][] 
 []

/home/ferdi/UoB/y2/alg/algosheet/main.tex:185: Misplaced \noalign.
\hline ->\noalign 
                  {\ifnum 0=`}\fi \let \hskip \vskip \let \vrule \hrule \let...
l.185     \hline
                
I expect to see \noalign only after the \cr of
an alignment. Proceed, and I'll ignore this case.

/home/ferdi/UoB/y2/alg/algosheet/main.tex:194: Misplaced \noalign.
\hline ->\noalign 
                  {\ifnum 0=`}\fi \let \hskip \vskip \let \vrule \hrule \let...
l.194     \hline
                
I expect to see \noalign only after the \cr of
an alignment. Proceed, and I'll ignore this case.


Underfull \hbox (badness 10000) in paragraph at lines 195--201

 []

/home/ferdi/UoB/y2/alg/algosheet/main.tex:205: Misplaced \noalign.
\hline ->\noalign 
                  {\ifnum 0=`}\fi \let \hskip \vskip \let \vrule \hrule \let...
l.205     \hline
                
I expect to see \noalign only after the \cr of
an alignment. Proceed, and I'll ignore this case.

/home/ferdi/UoB/y2/alg/algosheet/main.tex:209: Misplaced \noalign.
\hline ->\noalign 
                  {\ifnum 0=`}\fi \let \hskip \vskip \let \vrule \hrule \let...
l.209     \hline
                
I expect to see \noalign only after the \cr of
an alignment. Proceed, and I'll ignore this case.


Overfull \hbox (2.09277pt too wide) in paragraph at lines 216--217
[][] 
 []

/home/ferdi/UoB/y2/alg/algosheet/main.tex:233: Misplaced \noalign.
\hline ->\noalign 
                  {\ifnum 0=`}\fi \let \hskip \vskip \let \vrule \hrule \let...
l.233     \hline
                
I expect to see \noalign only after the \cr of
an alignment. Proceed, and I'll ignore this case.


Underfull \hbox (badness 10000) in paragraph at lines 224--233

 []

/home/ferdi/UoB/y2/alg/algosheet/main.tex:240: Misplaced \noalign.
\hline ->\noalign 
                  {\ifnum 0=`}\fi \let \hskip \vskip \let \vrule \hrule \let...
l.240     \hline
                
I expect to see \noalign only after the \cr of
an alignment. Proceed, and I'll ignore this case.


Underfull \hbox (badness 10000) in paragraph at lines 234--240

 []


Underfull \hbox (badness 10000) in paragraph at lines 241--247

 []


Overfull \hbox (2.09277pt too wide) in paragraph at lines 251--252
[][] 
 []

<./images//adjacency-list.png, id=10, 135.50626pt x 82.3075pt>
File: ./images//adjacency-list.png Graphic file (type png)
<use ./images//adjacency-list.png>
Package pdftex.def Info: ./images//adjacency-list.png  used on input line 265.
(pdftex.def)             Requested size: 85.35826pt x 51.84895pt.
/home/ferdi/UoB/y2/alg/algosheet/main.tex:269: Misplaced \noalign.
\hline ->\noalign 
                  {\ifnum 0=`}\fi \let \hskip \vskip \let \vrule \hrule \let...
l.269     \hline
                
I expect to see \noalign only after the \cr of
an alignment. Proceed, and I'll ignore this case.

<./images//dfs-pseudocode.png, id=11, 715.67375pt x 540.0175pt>
File: ./images//dfs-pseudocode.png Graphic file (type png)
<use ./images//dfs-pseudocode.png>
Package pdftex.def Info: ./images//dfs-pseudocode.png  used on input line 271.
(pdftex.def)             Requested size: 227.62204pt x 171.74617pt.

Underfull \hbox (badness 10000) in paragraph at lines 270--281
[]
 []

[1

{/var/lib/texmf/fonts/map/pdftex/updmap/pdftex.map} <./images//big-o-definition.png> <./images//big-o-formal.png> <./images//req-comp-def.png> <./images//interval-scheduling-problem.png> <./images//greedy-schedule-pseudo.png>]
Overfull \hbox (2.09277pt too wide) in paragraph at lines 290--291
[][] 
 []

<./images//bfs-pseudocode.png, id=32, 869.2475pt x 716.6775pt>
File: ./images//bfs-pseudocode.png Graphic file (type png)
<use ./images//bfs-pseudocode.png>
Package pdftex.def Info: ./images//bfs-pseudocode.png  used on input line 300.
(pdftex.def)             Requested size: 227.62204pt x 187.6659pt.
<./images//bfs-graph.png, id=33, 442.65375pt x 335.2525pt>
File: ./images//bfs-graph.png Graphic file (type png)
<use ./images//bfs-graph.png>
Package pdftex.def Info: ./images//bfs-graph.png  used on input line 303.
(pdftex.def)             Requested size: 170.71652pt x 129.29514pt.

Underfull \hbox (badness 10000) in paragraph at lines 297--307
[]
 []


Underfull \hbox (badness 10000) in paragraph at lines 297--307
[] \OT1/cmr/bx/n/10 BFS
 []


Underfull \hbox (badness 10000) in paragraph at lines 297--307

 []


Overfull \hbox (2.09277pt too wide) in paragraph at lines 313--314
[][] 
 []

<./images//dijkstra-pseudocode.png, id=34, 658.46pt x 472.76625pt>
File: ./images//dijkstra-pseudocode.png Graphic file (type png)
<use ./images//dijkstra-pseudocode.png>
Package pdftex.def Info: ./images//dijkstra-pseudocode.png  used on input line 327.
(pdftex.def)             Requested size: 227.62204pt x 163.42915pt.

Underfull \hbox (badness 10000) in paragraph at lines 321--333
[]
 []


Underfull \hbox (badness 10000) in paragraph at lines 338--339
[]\OT1/cmr/m/n/10 StartQueue takes $\OML/cmm/m/it/10 O\OT1/cmr/m/n/10 (\OML/cmm/m/it/10 n\OT1/cmr/m/n/10 )$ time, all other
 []


Overfull \hbox (2.09277pt too wide) in paragraph at lines 344--345
[][] 
 []

<./images//bipartite-proof.png, id=35, 732.7375pt x 252.945pt>
File: ./images//bipartite-proof.png Graphic file (type png)
<use ./images//bipartite-proof.png>
Package pdftex.def Info: ./images//bipartite-proof.png  used on input line 353.
(pdftex.def)             Requested size: 227.62204pt x 78.57423pt.
<./images//maxMatching-pseudocode.png, id=36, 1007.765pt x 334.24875pt>
File: ./images//maxMatching-pseudocode.png Graphic file (type png)
<use ./images//maxMatching-pseudocode.png>
Package pdftex.def Info: ./images//maxMatching-pseudocode.png  used on input line 357.
(pdftex.def)             Requested size: 227.62204pt x 75.49342pt.
<./images//maxMatching-complexity.png, id=37, 1101.11375pt x 259.97125pt>
File: ./images//maxMatching-complexity.png Graphic file (type png)
<use ./images//maxMatching-complexity.png>
Package pdftex.def Info: ./images//maxMatching-complexity.png  used on input line 359.
(pdftex.def)             Requested size: 227.62204pt x 53.73872pt.

Underfull \hbox (badness 10000) in paragraph at lines 350--361
[]
 []


Underfull \hbox (badness 10000) in paragraph at lines 350--361
[]
 []


Underfull \hbox (badness 10000) in paragraph at lines 350--361
[]
 []


Underfull \hbox (badness 10000) in paragraph at lines 350--361

 []

[2 <./images//adjacency-list.png> <./images//dfs-pseudocode.png>]
Overfull \hbox (2.09277pt too wide) in paragraph at lines 365--366
[][] 
 []

<./images//Prim-formal.png, id=44, 1125.20375pt x 274.02374pt>
File: ./images//Prim-formal.png Graphic file (type png)
<use ./images//Prim-formal.png>
Package pdftex.def Info: ./images//Prim-formal.png  used on input line 374.
(pdftex.def)             Requested size: 227.62204pt x 55.43095pt.
<./images//prim-pseudocode.png, id=45, 1032.85875pt x 433.62pt>
File: ./images//prim-pseudocode.png Graphic file (type png)
<use ./images//prim-pseudocode.png>
Package pdftex.def Info: ./images//prim-pseudocode.png  used on input line 376.
(pdftex.def)             Requested size: 227.62204pt x 95.5621pt.
<./images//prim-complexity.png, id=46, 1134.2375pt x 133.49875pt>
File: ./images//prim-complexity.png Graphic file (type png)
<use ./images//prim-complexity.png>
Package pdftex.def Info: ./images//prim-complexity.png  used on input line 378.
(pdftex.def)             Requested size: 227.62204pt x 26.7889pt.

Underfull \hbox (badness 10000) in paragraph at lines 371--379
[]
 []


Underfull \hbox (badness 10000) in paragraph at lines 371--379
[]
 []


Overfull \hbox (2.09277pt too wide) in paragraph at lines 383--384
[][] 
 []

<./images//Kruskal-formal.png, id=47, 1108.14pt x 218.8175pt>
File: ./images//Kruskal-formal.png Graphic file (type png)
<use ./images//Kruskal-formal.png>
Package pdftex.def Info: ./images//Kruskal-formal.png  used on input line 393.
(pdftex.def)             Requested size: 227.62204pt x 44.94469pt.
<./images//Kruskal-pseudocode.png, id=48, 943.525pt x 362.35374pt>
File: ./images//Kruskal-pseudocode.png Graphic file (type png)
<use ./images//Kruskal-pseudocode.png>
Package pdftex.def Info: ./images//Kruskal-pseudocode.png  used on input line 395.
(pdftex.def)             Requested size: 227.62204pt x 87.41452pt.
<./images//Kruskal-complexity.png, id=49, 1071.00125pt x 199.74625pt>
File: ./images//Kruskal-complexity.png Graphic file (type png)
<use ./images//Kruskal-complexity.png>
Package pdftex.def Info: ./images//Kruskal-complexity.png  used on input line 397.
(pdftex.def)             Requested size: 227.62204pt x 42.45084pt.

Underfull \hbox (badness 10000) in paragraph at lines 390--398
[]
 []


Underfull \hbox (badness 10000) in paragraph at lines 390--398
[]
 []


Overfull \hbox (2.09277pt too wide) in paragraph at lines 402--403
[][] 
 []

/home/ferdi/UoB/y2/alg/algosheet/main.tex:414: Misplaced \noalign.
\hline ->\noalign 
                  {\ifnum 0=`}\fi \let \hskip \vskip \let \vrule \hrule \let...
l.414         \hline
                    
I expect to see \noalign only after the \cr of
an alignment. Proceed, and I'll ignore this case.


Underfull \hbox (badness 10000) in paragraph at lines 410--414

 []

/home/ferdi/UoB/y2/alg/algosheet/main.tex:417: Misplaced \noalign.
\hline ->\noalign 
                  {\ifnum 0=`}\fi \let \hskip \vskip \let \vrule \hrule \let...
l.417         \hline
                    
I expect to see \noalign only after the \cr of
an alignment. Proceed, and I'll ignore this case.


Underfull \hbox (badness 10000) in paragraph at lines 415--417

 []

/home/ferdi/UoB/y2/alg/algosheet/main.tex:420: Misplaced \noalign.
\hline ->\noalign 
                  {\ifnum 0=`}\fi \let \hskip \vskip \let \vrule \hrule \let...
l.420         \hline
                    
I expect to see \noalign only after the \cr of
an alignment. Proceed, and I'll ignore this case.


Underfull \hbox (badness 10000) in paragraph at lines 418--420

 []

<./images//union-example.png, id=50, 591.20876pt x 415.5525pt>
File: ./images//union-example.png Graphic file (type png)
<use ./images//union-example.png>
Package pdftex.def Info: ./images//union-example.png  used on input line 422.
(pdftex.def)             Requested size: 227.62204pt x 159.99138pt.
<./images//insertion-explanation.png, id=51, 1101.11375pt x 385.44pt>
File: ./images//insertion-explanation.png Graphic file (type png)
<use ./images//insertion-explanation.png>
Package pdftex.def Info: ./images//insertion-explanation.png  used on input line 424.
(pdftex.def)             Requested size: 227.62204pt x 79.67441pt.
<./images//search-example.png, id=52, 1104.125pt x 260.975pt>
File: ./images//search-example.png Graphic file (type png)
<use ./images//search-example.png>
Package pdftex.def Info: ./images//search-example.png  used on input line 426.
(pdftex.def)             Requested size: 227.62204pt x 53.79887pt.
<./images//deletion-example.png, id=53, 905.3825pt x 114.4275pt>
File: ./images//deletion-example.png Graphic file (type png)
<use ./images//deletion-example.png>
Package pdftex.def Info: ./images//deletion-example.png  used on input line 428.
(pdftex.def)             Requested size: 227.62204pt x 28.76743pt.
<./images//non-leaf-deletion.png, id=54, 906.38625pt x 148.555pt>
File: ./images//non-leaf-deletion.png Graphic file (type png)
<use ./images//non-leaf-deletion.png>
Package pdftex.def Info: ./images//non-leaf-deletion.png  used on input line 430.
(pdftex.def)             Requested size: 227.62204pt x 37.3064pt.

Underfull \hbox (badness 10000) in paragraph at lines 421--431
[]
 []


Underfull \hbox (badness 10000) in paragraph at lines 421--431
[]
 []


Underfull \hbox (badness 10000) in paragraph at lines 421--431
[]
 []


Underfull \hbox (badness 10000) in paragraph at lines 421--431
[]
 []

[3 <./images//bfs-pseudocode.png> <./images//bfs-graph.png> <./images//dijkstra-pseudocode.png> <./images//bipartite-proof.png> <./images//maxMatching-pseudocode.png> <./images//maxMatching-complexity.png>]
Overfull \hbox (2.09277pt too wide) in paragraph at lines 437--438
[][] 
 []


Underfull \hbox (badness 10000) in paragraph at lines 448--454

 []


Underfull \hbox (badness 10000) in paragraph at lines 462--468

 []

<./images//linear-program-matrix-form.png, id=65, 588.1975pt x 238.8925pt>
File: ./images//linear-program-matrix-form.png Graphic file (type png)
<use ./images//linear-program-matrix-form.png>
Package pdftex.def Info: ./images//linear-program-matrix-form.png  used on input line 470.
(pdftex.def)             Requested size: 142.26378pt x 57.78008pt.
<./images//vertex-cover-example.png, id=66, 453.695pt x 254.9525pt>
File: ./images//vertex-cover-example.png Graphic file (type png)
<use ./images//vertex-cover-example.png>
Package pdftex.def Info: ./images//vertex-cover-example.png  used on input line 478.
(pdftex.def)             Requested size: 227.62204pt x 127.91164pt.

Overfull \hbox (2.09277pt too wide) in paragraph at lines 483--484
[][] 
 []

/home/ferdi/UoB/y2/alg/algosheet/main.tex:506: Misplaced \noalign.
\hline ->\noalign 
                  {\ifnum 0=`}\fi \let \hskip \vskip \let \vrule \hrule \let...
l.506         \hline
                    
I expect to see \noalign only after the \cr of
an alignment. Proceed, and I'll ignore this case.


Underfull \hbox (badness 10000) in paragraph at lines 503--506

 []

/home/ferdi/UoB/y2/alg/algosheet/main.tex:516: Misplaced \noalign.
\hline ->\noalign 
                  {\ifnum 0=`}\fi \let \hskip \vskip \let \vrule \hrule \let...
l.516         \hline
                    
I expect to see \noalign only after the \cr of
an alignment. Proceed, and I'll ignore this case.

<./images//ford-fulkerson-pseudocode.png, id=67, 971.63pt x 486.81876pt>
File: ./images//ford-fulkerson-pseudocode.png Graphic file (type png)
<use ./images//ford-fulkerson-pseudocode.png>
Package pdftex.def Info: ./images//ford-fulkerson-pseudocode.png  used on input line 519.
(pdftex.def)             Requested size: 227.62204pt x 114.04587pt.

Underfull \hbox (badness 10000) in paragraph at lines 517--522
[]
 []


Underfull \hbox (badness 10000) in paragraph at lines 517--522

 []


Overfull \hbox (2.09277pt too wide) in paragraph at lines 529--530
[][] 
 []


Underfull \hbox (badness 10000) in paragraph at lines 538--541

 []

<./images//residual-graph-example.png, id=68, 822.07124pt x 223.83624pt>
File: ./images//residual-graph-example.png Graphic file (type png)
<use ./images//residual-graph-example.png>
Package pdftex.def Info: ./images//residual-graph-example.png  used on input line 545.
(pdftex.def)             Requested size: 227.62204pt x 61.97696pt.

Underfull \hbox (badness 10000) in paragraph at lines 545--555
[]
 []


Underfull \hbox (badness 10000) in paragraph at lines 545--555

 []

[4 <./images//Prim-formal.png> <./images//prim-pseudocode.png> <./images//prim-complexity.png> <./images//Kruskal-formal.png> <./images//Kruskal-pseudocode.png> <./images//Kruskal-complexity.png> <./images//union-example.png> <./images//insertion-explanation.png> <./images//search-example.png> <./images//deletion-example.png> <./images//non-leaf-deletion.png> <./images//linear-program-matrix-form.png> <./images//vertex-cover-example.png>]
Overfull \hbox (2.09277pt too wide) in paragraph at lines 561--562
[][] 
 []

<./images//demand-flow-before.png, id=85, 614.295pt x 460.72125pt>
File: ./images//demand-flow-before.png Graphic file (type png)
<use ./images//demand-flow-before.png>
Package pdftex.def Info: ./images//demand-flow-before.png  used on input line 573.
(pdftex.def)             Requested size: 142.26378pt x 106.69478pt.
<./images//demand-flow-after.png, id=86, 752.8125pt x 486.81876pt>
File: ./images//demand-flow-after.png Graphic file (type png)
<use ./images//demand-flow-after.png>
Package pdftex.def Info: ./images//demand-flow-after.png  used on input line 575.
(pdftex.def)             Requested size: 142.26378pt x 91.99883pt.
<./images//capacity-flow-before.png, id=87, 505.89pt x 332.24126pt>
File: ./images//capacity-flow-before.png Graphic file (type png)
<use ./images//capacity-flow-before.png>
Package pdftex.def Info: ./images//capacity-flow-before.png  used on input line 577.
(pdftex.def)             Requested size: 142.26378pt x 93.43248pt.
<./images//capacity-flow-after.png, id=88, 594.22pt x 378.41376pt>
File: ./images//capacity-flow-after.png Graphic file (type png)
<use ./images//capacity-flow-after.png>
Package pdftex.def Info: ./images//capacity-flow-after.png  used on input line 579.
(pdftex.def)             Requested size: 142.26378pt x 90.59596pt.

Overfull \hbox (2.09277pt too wide) in paragraph at lines 587--588
[][] 
 []


Underfull \hbox (badness 10000) in paragraph at lines 594--598

 []


Underfull \hbox (badness 10000) in paragraph at lines 599--609

 []

<./images//3-SAT-1.png, id=89, 896.34875pt x 321.2pt>
File: ./images//3-SAT-1.png Graphic file (type png)
<use ./images//3-SAT-1.png>
Package pdftex.def Info: ./images//3-SAT-1.png  used on input line 613.
(pdftex.def)             Requested size: 227.62204pt x 81.56429pt.
<./images//3-SAT-2.png, id=90, 892.33376pt x 220.825pt>
File: ./images//3-SAT-2.png Graphic file (type png)
<use ./images//3-SAT-2.png>
Package pdftex.def Info: ./images//3-SAT-2.png  used on input line 614.
(pdftex.def)             Requested size: 227.62204pt x 56.32816pt.
<./images//3-SAT-3.png, id=91, 904.37875pt x 361.35pt>
File: ./images//3-SAT-3.png Graphic file (type png)
<use ./images//3-SAT-3.png>
Package pdftex.def Info: ./images//3-SAT-3.png  used on input line 615.
(pdftex.def)             Requested size: 227.62204pt x 90.94379pt.

Underfull \hbox (badness 10000) in paragraph at lines 610--617
[]
 []


Underfull \hbox (badness 10000) in paragraph at lines 610--617
[]
 []


Underfull \hbox (badness 10000) in paragraph at lines 610--617
[]
 []


Underfull \hbox (badness 10000) in paragraph at lines 610--617

 []


Overfull \hbox (2.09277pt too wide) in paragraph at lines 625--626
[][] 
 []

<./images//gadge-IS.png, id=92, 694.595pt x 133.49875pt>
File: ./images//gadge-IS.png Graphic file (type png)
<use ./images//gadge-IS.png>
Package pdftex.def Info: ./images//gadge-IS.png  used on input line 638.
(pdftex.def)             Requested size: 227.62204pt x 43.74712pt.
<./images//IS-example.png, id=93, 716.6775pt x 364.36125pt>
File: ./images//IS-example.png Graphic file (type png)
<use ./images//IS-example.png>
Package pdftex.def Info: ./images//IS-example.png  used on input line 639.
(pdftex.def)             Requested size: 227.62204pt x 115.71954pt.
<./images//VC-Theorem.png, id=94, 676.5275pt x 149.55875pt>
File: ./images//VC-Theorem.png Graphic file (type png)
<use ./images//VC-Theorem.png>
Package pdftex.def Info: ./images//VC-Theorem.png  used on input line 641.
(pdftex.def)             Requested size: 227.62204pt x 50.31985pt.
<./images//VC-proof.png, id=95, 727.71875pt x 172.645pt>
File: ./images//VC-proof.png Graphic file (type png)
<use ./images//VC-proof.png>
Package pdftex.def Info: ./images//VC-proof.png  used on input line 642.
(pdftex.def)             Requested size: 227.62204pt x 54.00146pt.
/home/ferdi/UoB/y2/alg/algosheet/main.tex:643: Misplaced \noalign.
\hline ->\noalign 
                  {\ifnum 0=`}\fi \let \hskip \vskip \let \vrule \hrule \let...
l.643         \hline
                    
I expect to see \noalign only after the \cr of
an alignment. Proceed, and I'll ignore this case.


Underfull \hbox (badness 10000) in paragraph at lines 631--643
[]
 []


Underfull \hbox (badness 10000) in paragraph at lines 631--643
[]
 []


Underfull \hbox (badness 10000) in paragraph at lines 631--643
[]
 []

<./images//reduction-chain.png, id=96, 366.36874pt x 36.135pt>
File: ./images//reduction-chain.png Graphic file (type png)
<use ./images//reduction-chain.png>
Package pdftex.def Info: ./images//reduction-chain.png  used on input line 644.
(pdftex.def)             Requested size: 227.62204pt x 22.45087pt.
/home/ferdi/UoB/y2/alg/algosheet/main.tex:645: Misplaced \noalign.
\hline ->\noalign 
                  {\ifnum 0=`}\fi \let \hskip \vskip \let \vrule \hrule \let...
l.645         \hline
                    
I expect to see \noalign only after the \cr of
an alignment. Proceed, and I'll ignore this case.

<./images//reductions-comparison.png, id=97, 656.4525pt x 92.345pt>
File: ./images//reductions-comparison.png Graphic file (type png)
<use ./images//reductions-comparison.png>
Package pdftex.def Info: ./images//reductions-comparison.png  used on input line 651.
(pdftex.def)             Requested size: 227.62204pt x 32.01968pt.
[5 <./images//ford-fulkerson-pseudocode.png> <./images//residual-graph-example.png> <./images//demand-flow-before.png> <./images//demand-flow-after.png> <./images//capacity-flow-before.png> <./images//capacity-flow-after.png>]
Overfull \hbox (2.09277pt too wide) in paragraph at lines 660--661
[][] 
 []

<./images//recursive-WIS.png, id=109, 619.31375pt x 368.37625pt>
File: ./images//recursive-WIS.png Graphic file (type png)
<use ./images//recursive-WIS.png>
Package pdftex.def Info: ./images//recursive-WIS.png  used on input line 676.
(pdftex.def)             Requested size: 227.62204pt x 135.39209pt.
<./images//bellman-ford-pseudocode.png, id=110, 1305.87875pt x 442.65375pt>
File: ./images//bellman-ford-pseudocode.png Graphic file (type png)
<use ./images//bellman-ford-pseudocode.png>
Package pdftex.def Info: ./images//bellman-ford-pseudocode.png  used on input line 680.
(pdftex.def)             Requested size: 227.62204pt x 77.15486pt.

Underfull \hbox (badness 10000) in paragraph at lines 668--682
[]
 []


Underfull \hbox (badness 10000) in paragraph at lines 668--682
[]
 []


Underfull \hbox (badness 10000) in paragraph at lines 668--682

 []


Overfull \hbox (2.09277pt too wide) in paragraph at lines 692--693
[][] 
 []

<./images//bellman-ford-graph.png, id=111, 562.1pt x 414.54875pt>
File: ./images//bellman-ford-graph.png Graphic file (type png)
<use ./images//bellman-ford-graph.png>
Package pdftex.def Info: ./images//bellman-ford-graph.png  used on input line 701.
(pdftex.def)             Requested size: 227.62204pt x 167.87234pt.
<./images//bellman-ford-table.png, id=112, 502.87875pt x 359.3425pt>
File: ./images//bellman-ford-table.png Graphic file (type png)
<use ./images//bellman-ford-table.png>
Package pdftex.def Info: ./images//bellman-ford-table.png  used on input line 702.
(pdftex.def)             Requested size: 227.62204pt x 162.6512pt.

Underfull \hbox (badness 10000) in paragraph at lines 700--703
[]
 []


Overfull \hbox (2.09277pt too wide) in paragraph at lines 712--713
[][] 
 []

[6 <./images//3-SAT-1.png> <./images/3-sat-2.png> <./images/3-sat-3.png> <./images//gadge-IS.png> <./images//IS-example.png> <./images//VC-Theorem.png> <./images//VC-proof.png> <./images//reduction-chain.png> <./images//reductions-comparison.png> <./images//recursive-WIS.png> <./images//bellman-ford-pseudocode.png>] [7 <./images//bellman-ford-graph.png> <./images//bellman-ford-table.png>] (./main.aux) ) 
Here is how much of TeX's memory you used:
 17268 strings out of 480171
 351278 string characters out of 5894488
 638026 words of memory out of 5000000
 34861 multiletter control sequences out of 15000+600000
 472408 words of font info for 43 fonts, out of 8000000 for 9000
 59 hyphenation exceptions out of 8191
 84i,18n,89p,459b,831s stack positions out of 5000i,500n,10000p,200000b,80000s
 </home/ferdi/.texlive2021/texmf-var/fonts/pk/ljfour/jknappen/ec/tcrm1000.600pk></usr/share/texlive/texmf-dist/fonts/type1/public/amsfonts/cm/cmbx10.pfb></usr/share/texlive/texmf-dist/fonts/type1/public/amsfonts/cm/cmbx12.pfb></usr/share/texlive/texmf-dist/fonts/type1/public/amsfonts/cm/cmex10.pfb></usr/share/texlive/texmf-dist/fonts/type1/public/amsfonts/cm/cmmi10.pfb></usr/share/texlive/texmf-dist/fonts/type1/public/amsfonts/cm/cmmi7.pfb></usr/share/texlive/texmf-dist/fonts/type1/public/amsfonts/cm/cmr10.pfb></usr/share/texlive/texmf-dist/fonts/type1/public/amsfonts/cm/cmr5.pfb></usr/share/texlive/texmf-dist/fonts/type1/public/amsfonts/cm/cmr7.pfb></usr/share/texlive/texmf-dist/fonts/type1/public/amsfonts/cm/cmsy10.pfb></usr/share/texlive/texmf-dist/fonts/type1/public/amsfonts/cm/cmsy5.pfb></usr/share/texlive/texmf-dist/fonts/type1/public/amsfonts/cm/cmsy7.pfb></usr/share/texlive/texmf-dist/fonts/type1/public/amsfonts/symbols/msam10.pfb></usr/share/texlive/texmf-dist/fonts/type1/public/amsfonts/symbols/msbm10.pfb>
Output written on main.pdf (7 pages, 1927106 bytes).
PDF statistics:
 192 PDF objects out of 1000 (max. 8388607)
 65 compressed objects within 1 object stream
 0 named destinations out of 1000 (max. 500000)
 238 words of extra memory for PDF output out of 10000 (max. 10000000)

